2023-12-04 09:42:46 [Winston 연습 어플리케이션] info: express start
2023-12-04 09:43:58 [Winston 연습 어플리케이션] info: express start
2023-12-04 09:47:03 [Winston 연습 어플리케이션] info: express start
2023-12-04 09:47:08 [Winston 연습 어플리케이션] error: Get /api/user : error
2023-12-04 09:47:36 [Winston 연습 어플리케이션] info: express start
2023-12-04 09:47:38 [Winston 연습 어플리케이션] error: Get /api/user : TypeError: mysql.ConnectionPool is not a constructor
2023-12-04 09:48:50 [] info: express start
2023-12-04 09:50:59 [undefined] info: express start
2023-12-04T00:51:13.608Z [undefined] info: express start
2023-12-04T00:53:53.682Z [undefined] info: express start
2023-12-04T00:54:06.128Z [undefined] error: Get /api/user : TypeError: mysql.ConnectionPool is not a constructor
2023-12-04 09:54:36 [] info: express start
2023-12-04 09:54:54 [] error: Get /api/user : TypeError: mysql.ConnectionPool is not a constructor
2023-12-04 10:01:36 [] error: Get /api/user : TypeError: mysql.ConnectionPool is not a constructor
2023-12-04 10:01:36 [] info: [0mGET /api/user [31m500[0m 5.503 ms - 2[0m

2023-12-04 10:02:51 [] error: Get /api/user : TypeError: mysql.ConnectionPool is not a constructor
2023-12-04 10:02:51 [] info: GET /api/user 500 8.456 ms - 2

2023-12-04 10:03:37 [] info: GET /api/user 500 4.164 ms - 2

2023-12-04 10:03:47 [] info: GET /api/user 500 0.992 ms - 2

2023-12-04 10:05:10 [] info: GET /api/user 500 2.931 ms - 2

2023-12-04 10:05:45 [] info: GET /api/user 500 0.899 ms - 2

2023-12-04 10:05:51 [] info: GET /api/user 500 0.977 ms - 2

2023-12-04 10:05:51 [] info: GET /api/user 500 0.819 ms - 2

2023-12-04 10:06:51 [] info: GET /api/user 500 2.653 ms - 2

2023-12-04 10:07:15 [] error: Get /api/user : TypeError: mysql.ConnectionPool is not a constructor
2023-12-04 10:07:15 [] info: GET /api/user 500 11.827 ms - 2

2023-12-04 10:08:00 [] error: Get /api/user : TypeError: mysql.ConnectionPool is not a constructor
2023-12-04 10:08:00 [] info: GET /api/user 500 9.861 ms - 2

2023-12-04 10:08:05 [] error: Get /api/user : TypeError: mysql.ConnectionPool is not a constructor
2023-12-04 10:08:05 [] info: GET /api/user 500 2.843 ms - 2

2023-12-04 10:08:10 [] error: Get /api/user : TypeError: mysql.ConnectionPool is not a constructor
2023-12-04 10:08:10 [] info: GET /api/user 500 2.556 ms - 2

2023-12-04 10:24:07 [] error: Get /api/user : Error: Server requests authentication using unknown plugin auth_gssapi_client. See TODO: add plugins doco here on how to configure or author authentication plugins.
2023-12-04 10:24:07 [] info: GET /api/user 500 261.954 ms - 48

2023-12-04 10:51:59 [] error: Get /api/user : Error: Server requests authentication using unknown plugin auth_gssapi_client. See TODO: add plugins doco here on how to configure or author authentication plugins.
2023-12-04 10:51:59 [] info: GET /api/user 500 123.711 ms - 48

2023-12-04 11:05:39 [] error: Get /api/user : SqlError: (conn=-1, no: 45028, SQLState: HY000) retrieve connection from pool timeout after 10008ms
    (pool connections: active=0 idle=0 limit=10)
2023-12-04 11:05:39 [] info: GET /api/user 500 10014.066 ms - 229

2023-12-04 11:13:22 [] error: Get /api/user : Error: Server requests authentication using unknown plugin auth_gssapi_client. See TODO: add plugins doco here on how to configure or author authentication plugins.
2023-12-04 11:13:22 [] info: GET /api/user 500 115.093 ms - 48

2023-12-04 11:24:38 [] error: Get /api/user : Error: Server requests authentication using unknown plugin auth_gssapi_client. See TODO: add plugins doco here on how to configure or author authentication plugins.
2023-12-04 11:24:38 [] info: GET /api/user 500 76.879 ms - 48

2023-12-04 11:29:15 [] error: Get /api/user : Error: Pool is closed.
2023-12-04 11:29:15 [] info: GET /api/user 500 1.798 ms - 2

2023-12-04 11:29:30 [] error: Get /api/user : Error: Server requests authentication using unknown plugin auth_gssapi_client. See TODO: add plugins doco here on how to configure or author authentication plugins.
2023-12-04 11:29:30 [] info: GET /api/user 500 92.817 ms - 48

2023-12-04 11:32:26 [] error: Get /api/user : Error: read ECONNRESET
2023-12-04 11:32:26 [] info: GET /api/user 500 10094.684 ms - 65

2023-12-04 11:33:06 [] error: Get /api/user : Error: Pool is closed.
2023-12-04 11:33:06 [] info: GET /api/user 500 1.173 ms - 2

2023-12-04 11:33:24 [] error: Get /api/user : Error: read ECONNRESET
2023-12-04 11:33:24 [] info: GET /api/user 500 10092.037 ms - 65

2023-12-04 14:28:56 [] error: Get /api/user : Error: read ECONNRESET
2023-12-04 14:28:56 [] info: GET /api/user 500 10140.799 ms - 65

2023-12-04 14:39:41 [] info: GET /api/user 500 10098.711 ms - 7

