2023-12-04 09:47:08 [Winston 연습 어플리케이션] error: Get /api/user : error
2023-12-04 09:47:38 [Winston 연습 어플리케이션] error: Get /api/user : TypeError: mysql.ConnectionPool is not a constructor
2023-12-04T00:54:06.128Z [undefined] error: Get /api/user : TypeError: mysql.ConnectionPool is not a constructor
2023-12-04 09:54:54 [] error: Get /api/user : TypeError: mysql.ConnectionPool is not a constructor
2023-12-04 10:01:36 [] error: Get /api/user : TypeError: mysql.ConnectionPool is not a constructor
2023-12-04 10:02:51 [] error: Get /api/user : TypeError: mysql.ConnectionPool is not a constructor
2023-12-04 10:07:15 [] error: Get /api/user : TypeError: mysql.ConnectionPool is not a constructor
2023-12-04 10:08:00 [] error: Get /api/user : TypeError: mysql.ConnectionPool is not a constructor
2023-12-04 10:08:05 [] error: Get /api/user : TypeError: mysql.ConnectionPool is not a constructor
2023-12-04 10:08:10 [] error: Get /api/user : TypeError: mysql.ConnectionPool is not a constructor
2023-12-04 10:24:07 [] error: Get /api/user : Error: Server requests authentication using unknown plugin auth_gssapi_client. See TODO: add plugins doco here on how to configure or author authentication plugins.
2023-12-04 10:51:59 [] error: Get /api/user : Error: Server requests authentication using unknown plugin auth_gssapi_client. See TODO: add plugins doco here on how to configure or author authentication plugins.
2023-12-04 11:05:39 [] error: Get /api/user : SqlError: (conn=-1, no: 45028, SQLState: HY000) retrieve connection from pool timeout after 10008ms
    (pool connections: active=0 idle=0 limit=10)
2023-12-04 11:13:22 [] error: Get /api/user : Error: Server requests authentication using unknown plugin auth_gssapi_client. See TODO: add plugins doco here on how to configure or author authentication plugins.
2023-12-04 11:24:38 [] error: Get /api/user : Error: Server requests authentication using unknown plugin auth_gssapi_client. See TODO: add plugins doco here on how to configure or author authentication plugins.
2023-12-04 11:29:15 [] error: Get /api/user : Error: Pool is closed.
2023-12-04 11:29:30 [] error: Get /api/user : Error: Server requests authentication using unknown plugin auth_gssapi_client. See TODO: add plugins doco here on how to configure or author authentication plugins.
2023-12-04 11:32:26 [] error: Get /api/user : Error: read ECONNRESET
2023-12-04 11:33:06 [] error: Get /api/user : Error: Pool is closed.
2023-12-04 11:33:24 [] error: Get /api/user : Error: read ECONNRESET
2023-12-04 14:28:56 [] error: Get /api/user : Error: read ECONNRESET
